[2024-11-26 18:41:01] [INFO] Iniciando script start_detection.php
[2024-11-26 18:41:01] [DEBUG] Verificando Python Script - Context: {"path":"C:\\xampp\\htdocs\\L_Siembra\/backend\/python\/core\/main.py"}
[2024-11-26 18:41:01] [DEBUG] Verificando Model File - Context: {"path":"C:\\xampp\\htdocs\\L_Siembra\/backend\/python\/models\/bestC.pt"}
[2024-11-26 18:41:01] [DEBUG] Verificando Config File - Context: {"path":"C:\\xampp\\htdocs\\L_Siembra\/backend\/data\/config\/detection_config.json"}
[2024-11-26 18:41:01] [DEBUG] Verificación de Python - Context: {"output":["Python 3.10.11"],"returnVar":0}
[2024-11-26 18:41:01] [DEBUG] Ejecutando comando Windows - Context: {"command":"start \/B \"\" python \"C:\\xampp\\htdocs\\L_Siembra\/backend\/python\/core\/main.py\" > \"C:\\xampp\\htdocs\\L_Siembra\/backend\/logs\/detection.log\" 2>&1"}
[2024-11-26 18:41:01] [DEBUG] Esperando inicialización
[2024-11-26 18:41:18] [INFO] Proceso iniciado exitosamente
[2024-11-26 18:41:18] [DEBUG] Verificando estado de detección
[2024-11-26 18:41:18] [ERROR] Error al obtener estado - Context: {"message":"No hay datos de detección disponibles","status_file_exists":false,"class_names":[],"raw_status_data":null}
[2024-11-26 18:41:20] [DEBUG] Verificando estado de detección
[2024-11-26 18:41:20] [ERROR] Error al obtener estado - Context: {"message":"No hay datos de detección disponibles","status_file_exists":false,"class_names":[],"raw_status_data":null}
[2024-11-26 18:41:22] [DEBUG] Verificando estado de detección
[2024-11-26 18:41:22] [ERROR] Error al obtener estado - Context: {"message":"No hay datos de detección disponibles","status_file_exists":false,"class_names":[],"raw_status_data":null}
[2024-11-26 18:41:24] [DEBUG] Verificando estado de detección
[2024-11-26 18:41:24] [ERROR] Error al obtener estado - Context: {"message":"No hay datos de detección disponibles","status_file_exists":false,"class_names":[],"raw_status_data":null}
[2024-11-26 18:41:26] [DEBUG] Verificando estado de detección
[2024-11-26 18:41:26] [ERROR] Error al obtener estado - Context: {"message":"No hay datos de detección disponibles","status_file_exists":false,"class_names":[],"raw_status_data":null}
[2024-11-26 18:41:28] [DEBUG] Verificando estado de detección
[2024-11-26 18:41:28] [ERROR] Error al obtener estado - Context: {"message":"No hay datos de detección disponibles","status_file_exists":false,"class_names":[],"raw_status_data":null}
[2024-11-26 18:41:30] [DEBUG] Verificando estado de detección
[2024-11-26 18:41:30] [ERROR] Error al obtener estado - Context: {"message":"No hay datos de detección disponibles","status_file_exists":false,"class_names":[],"raw_status_data":null}
[2024-11-26 18:41:32] [DEBUG] Verificando estado de detección
[2024-11-26 18:41:32] [ERROR] Error al obtener estado - Context: {"message":"No hay datos de detección disponibles","status_file_exists":false,"class_names":[],"raw_status_data":null}
[2024-11-26 18:41:34] [DEBUG] Verificando estado de detección
[2024-11-26 18:41:34] [ERROR] Error al obtener estado - Context: {"message":"No hay datos de detección disponibles","status_file_exists":false,"class_names":[],"raw_status_data":null}
[2024-11-26 18:41:36] [DEBUG] Verificando estado de detección
[2024-11-26 18:41:36] [ERROR] Error al obtener estado - Context: {"message":"No hay datos de detección disponibles","status_file_exists":false,"class_names":[],"raw_status_data":null}
[2024-11-26 18:41:38] [DEBUG] Verificando estado de detección
[2024-11-26 18:41:38] [ERROR] Error al obtener estado - Context: {"message":"No hay datos de detección disponibles","status_file_exists":false,"class_names":[],"raw_status_data":null}
[2024-11-26 18:41:40] [DEBUG] Verificando estado de detección
[2024-11-26 18:41:40] [ERROR] Error al obtener estado - Context: {"message":"No hay datos de detección disponibles","status_file_exists":false,"class_names":[],"raw_status_data":null}
[2024-11-26 18:41:42] [DEBUG] Verificando estado de detección
[2024-11-26 18:41:42] [ERROR] Error al obtener estado - Context: {"message":"No hay datos de detección disponibles","status_file_exists":false,"class_names":[],"raw_status_data":null}
[2024-11-26 18:41:44] [DEBUG] Verificando estado de detección
[2024-11-26 18:41:44] [ERROR] Error al obtener estado - Context: {"message":"No hay datos de detección disponibles","status_file_exists":false,"class_names":[],"raw_status_data":null}
[2024-11-26 18:41:46] [DEBUG] Verificando estado de detección
[2024-11-26 18:41:46] [ERROR] Error al obtener estado - Context: {"message":"No hay datos de detección disponibles","status_file_exists":false,"class_names":[],"raw_status_data":null}
[2024-11-26 18:41:48] [DEBUG] Verificando estado de detección
[2024-11-26 18:41:48] [ERROR] Error al obtener estado - Context: {"message":"No hay datos de detección disponibles","status_file_exists":false,"class_names":[],"raw_status_data":null}
[2024-11-26 18:41:50] [DEBUG] Verificando estado de detección
[2024-11-26 18:41:50] [ERROR] Error al obtener estado - Context: {"message":"No hay datos de detección disponibles","status_file_exists":false,"class_names":[],"raw_status_data":null}
[2024-11-26 18:41:52] [DEBUG] Verificando estado de detección
[2024-11-26 18:41:52] [ERROR] Error al obtener estado - Context: {"message":"No hay datos de detección disponibles","status_file_exists":false,"class_names":[],"raw_status_data":null}
[2024-11-26 18:41:54] [DEBUG] Verificando estado de detección
[2024-11-26 18:41:54] [ERROR] Error al obtener estado - Context: {"message":"No hay datos de detección disponibles","status_file_exists":false,"class_names":[],"raw_status_data":null}
[2024-11-26 18:41:56] [DEBUG] Verificando estado de detección
[2024-11-26 18:41:56] [ERROR] Error al obtener estado - Context: {"message":"No hay datos de detección disponibles","status_file_exists":false,"class_names":[],"raw_status_data":null}
[2024-11-26 18:41:58] [DEBUG] Verificando estado de detección
[2024-11-26 18:41:58] [ERROR] Error al obtener estado - Context: {"message":"No hay datos de detección disponibles","status_file_exists":false,"class_names":[],"raw_status_data":null}
[2024-11-26 18:42:00] [DEBUG] Verificando estado de detección
[2024-11-26 18:42:00] [ERROR] Error al obtener estado - Context: {"message":"No hay datos de detección disponibles","status_file_exists":false,"class_names":[],"raw_status_data":null}
[2024-11-26 18:42:02] [DEBUG] Verificando estado de detección
[2024-11-26 18:42:02] [ERROR] Error al obtener estado - Context: {"message":"No hay datos de detección disponibles","status_file_exists":false,"class_names":[],"raw_status_data":null}
[2024-11-26 18:42:04] [DEBUG] Verificando estado de detección
[2024-11-26 18:42:04] [ERROR] Error al obtener estado - Context: {"message":"No hay datos de detección disponibles","status_file_exists":false,"class_names":[],"raw_status_data":null}
[2024-11-26 18:42:06] [DEBUG] Verificando estado de detección
[2024-11-26 18:42:06] [ERROR] Error al obtener estado - Context: {"message":"No hay datos de detección disponibles","status_file_exists":false,"class_names":[],"raw_status_data":null}
[2024-11-26 18:42:08] [DEBUG] Verificando estado de detección
[2024-11-26 18:42:08] [ERROR] Error al obtener estado - Context: {"message":"No hay datos de detección disponibles","status_file_exists":false,"class_names":[],"raw_status_data":null}
[2024-11-26 18:42:10] [DEBUG] Verificando estado de detección
[2024-11-26 18:42:10] [ERROR] Error al obtener estado - Context: {"message":"No hay datos de detección disponibles","status_file_exists":false,"class_names":[],"raw_status_data":null}
[2024-11-26 18:42:12] [DEBUG] Verificando estado de detección
[2024-11-26 18:42:12] [ERROR] Error al obtener estado - Context: {"message":"No hay datos de detección disponibles","status_file_exists":false,"class_names":[],"raw_status_data":null}
[2024-11-26 18:42:14] [DEBUG] Verificando estado de detección
[2024-11-26 18:42:14] [ERROR] Error al obtener estado - Context: {"message":"No hay datos de detección disponibles","status_file_exists":false,"class_names":[],"raw_status_data":null}
[2024-11-26 18:42:16] [DEBUG] Verificando estado de detección
[2024-11-26 18:42:16] [ERROR] Error al obtener estado - Context: {"message":"No hay datos de detección disponibles","status_file_exists":false,"class_names":[],"raw_status_data":null}
[2024-11-26 18:42:18] [DEBUG] Verificando estado de detección
[2024-11-26 18:42:18] [ERROR] Error al obtener estado - Context: {"message":"No hay datos de detección disponibles","status_file_exists":false,"class_names":[],"raw_status_data":null}
[2024-11-26 18:42:20] [DEBUG] Verificando estado de detección
[2024-11-26 18:42:20] [ERROR] Error al obtener estado - Context: {"message":"No hay datos de detección disponibles","status_file_exists":false,"class_names":[],"raw_status_data":null}
[2024-11-26 18:42:22] [DEBUG] Verificando estado de detección
[2024-11-26 18:42:22] [ERROR] Error al obtener estado - Context: {"message":"No hay datos de detección disponibles","status_file_exists":false,"class_names":[],"raw_status_data":null}
[2024-11-26 18:42:24] [DEBUG] Verificando estado de detección
[2024-11-26 18:42:24] [ERROR] Error al obtener estado - Context: {"message":"No hay datos de detección disponibles","status_file_exists":false,"class_names":[],"raw_status_data":null}
[2024-11-26 18:42:26] [DEBUG] Verificando estado de detección
[2024-11-26 18:42:26] [ERROR] Error al obtener estado - Context: {"message":"No hay datos de detección disponibles","status_file_exists":false,"class_names":[],"raw_status_data":null}
[2024-11-26 18:42:28] [DEBUG] Verificando estado de detección
[2024-11-26 18:42:28] [ERROR] Error al obtener estado - Context: {"message":"No hay datos de detección disponibles","status_file_exists":false,"class_names":[],"raw_status_data":null}
[2024-11-26 18:42:30] [DEBUG] Verificando estado de detección
[2024-11-26 18:42:30] [ERROR] Error al obtener estado - Context: {"message":"No hay datos de detección disponibles","status_file_exists":false,"class_names":[],"raw_status_data":null}
[2024-11-26 18:42:32] [DEBUG] Verificando estado de detección
[2024-11-26 18:42:32] [ERROR] Error al obtener estado - Context: {"message":"No hay datos de detección disponibles","status_file_exists":false,"class_names":[],"raw_status_data":null}
[2024-11-26 18:42:34] [DEBUG] Verificando estado de detección
[2024-11-26 18:42:34] [ERROR] Error al obtener estado - Context: {"message":"No hay datos de detección disponibles","status_file_exists":false,"class_names":[],"raw_status_data":null}
[2024-11-26 18:42:36] [DEBUG] Verificando estado de detección
[2024-11-26 18:42:36] [ERROR] Error al obtener estado - Context: {"message":"No hay datos de detección disponibles","status_file_exists":false,"class_names":[],"raw_status_data":null}
[2024-11-26 18:42:38] [INFO] Deteniendo detección
[2024-11-26 18:42:38] [DEBUG] Archivo de detención creado - Context: {"pid":"6908"}
[2024-11-26 18:42:38] [DEBUG] Verificando estado de detección
[2024-11-26 18:42:38] [ERROR] Error al obtener estado - Context: {"message":"No hay datos de detección disponibles","status_file_exists":false,"class_names":[],"raw_status_data":null}
[2024-11-26 18:42:40] [INFO] Detección detenida exitosamente
[2024-11-26 18:44:34] [INFO] Obteniendo asignaciones actuales
[2024-11-26 18:45:08] [INFO] Procesando guardado de asignaciones
[2024-11-26 18:45:08] [DEBUG] Asignaciones validadas correctamente - Context: {"count":13}
[2024-11-26 18:45:08] [INFO] Asignaciones guardadas exitosamente - Context: {"file":"C:\\xampp\\htdocs\\L_Siembra\/backend\/data\/config\/nombres_clases.txt","count":13}
[2024-11-26 18:46:17] [INFO] Obteniendo asignaciones actuales
[2024-11-26 18:46:55] [INFO] Procesando guardado de asignaciones
[2024-11-26 18:46:55] [DEBUG] Asignaciones validadas correctamente - Context: {"count":13}
[2024-11-26 18:46:55] [INFO] Asignaciones guardadas exitosamente - Context: {"file":"C:\\xampp\\htdocs\\L_Siembra\/backend\/data\/config\/nombres_clases.txt","count":13}
[2024-11-26 22:16:09] [INFO] Obteniendo lista de personas y clases
[2024-11-26 22:16:09] [INFO] Lista de personas obtenida exitosamente - Context: {"count":13}
[2024-11-26 22:19:03] [INFO] Obteniendo asignaciones actuales
[2024-11-26 22:34:49] [INFO] Obteniendo lista de personas y clases
[2024-11-26 22:34:49] [INFO] Lista de personas obtenida exitosamente - Context: {"count":13}
[2024-11-26 22:34:53] [INFO] Iniciando guardado de configuración
[2024-11-26 22:34:53] [DEBUG] Configuración recibida - Context: {"config":{"type":"pompon","aster":[],"pompon":[],"selected_persons":[{"class":"key","name":"Arevalo Gonzalez Erika Lorena"},{"class":"micro","name":"Carvajal Rojas Maira Liceth"},{"class":"qr","name":"Ceballos Marin Nidian Yaneth"},{"class":"star","name":"Diaz Monsalve Gloria Elena"},{"class":"women","name":"Garzon Garcia Maria Eugenia"},{"class":"magnet","name":"Gañan Torres Paula Andrea"},{"class":"puzzle","name":"Hernandez Gutierrez Viviana Patricia"},{"class":"umbrella","name":"Lopez Garay Emilse"},{"class":"next","name":"Molano Ramirez Johana Alexandra"},{"class":"sound","name":"Ocampo Garcia Sonia Elena"},{"class":"flower","name":"Ortiz Montoya Maria Olga"},{"class":"serious","name":"Padilla Oviedo Sady Luz"},{"class":"x","name":"Sanchez Jaramillo Maria Cecilia"}]}}
[2024-11-26 22:34:53] [INFO] Configuración guardada exitosamente
[2024-11-26 22:35:04] [INFO] Iniciando script start_detection.php
[2024-11-26 22:35:04] [DEBUG] Verificando Python Script - Context: {"path":"C:\\xampp\\htdocs\\L_Siembra\/backend\/python\/core\/main.py"}
[2024-11-26 22:35:04] [DEBUG] Verificando Model File - Context: {"path":"C:\\xampp\\htdocs\\L_Siembra\/backend\/python\/models\/bestC.pt"}
[2024-11-26 22:35:04] [DEBUG] Verificando Config File - Context: {"path":"C:\\xampp\\htdocs\\L_Siembra\/backend\/data\/config\/detection_config.json"}
[2024-11-26 22:35:04] [DEBUG] Verificación de Python - Context: {"output":["Python 3.10.11"],"returnVar":0}
[2024-11-26 22:35:04] [DEBUG] Ejecutando comando Windows - Context: {"command":"start \/B \"\" python \"C:\\xampp\\htdocs\\L_Siembra\/backend\/python\/core\/main.py\" > \"C:\\xampp\\htdocs\\L_Siembra\/backend\/logs\/detection.log\" 2>&1"}
[2024-11-26 22:35:04] [DEBUG] Esperando inicialización
[2024-11-26 22:35:15] [INFO] Proceso iniciado exitosamente
[2024-11-26 22:35:15] [DEBUG] Verificando estado de detección
[2024-11-26 22:35:15] [ERROR] Error al obtener estado - Context: {"message":"No hay datos de detección disponibles","status_file_exists":false,"class_names":[],"raw_status_data":null}
[2024-11-26 22:35:17] [DEBUG] Verificando estado de detección
[2024-11-26 22:35:17] [ERROR] Error al obtener estado - Context: {"message":"No hay datos de detección disponibles","status_file_exists":false,"class_names":[],"raw_status_data":null}
[2024-11-26 22:35:19] [DEBUG] Verificando estado de detección
[2024-11-26 22:35:19] [ERROR] Error al obtener estado - Context: {"message":"No hay datos de detección disponibles","status_file_exists":false,"class_names":[],"raw_status_data":null}
[2024-11-26 22:35:21] [DEBUG] Verificando estado de detección
[2024-11-26 22:35:21] [ERROR] Error al obtener estado - Context: {"message":"No hay datos de detección disponibles","status_file_exists":false,"class_names":[],"raw_status_data":null}
[2024-11-26 22:35:23] [DEBUG] Verificando estado de detección
[2024-11-26 22:35:23] [ERROR] Error al obtener estado - Context: {"message":"No hay datos de detección disponibles","status_file_exists":false,"class_names":[],"raw_status_data":null}
[2024-11-26 22:35:25] [DEBUG] Verificando estado de detección
[2024-11-26 22:35:25] [ERROR] Error al obtener estado - Context: {"message":"No hay datos de detección disponibles","status_file_exists":false,"class_names":[],"raw_status_data":null}
[2024-11-26 22:35:27] [DEBUG] Verificando estado de detección
[2024-11-26 22:35:27] [ERROR] Error al obtener estado - Context: {"message":"No hay datos de detección disponibles","status_file_exists":false,"class_names":[],"raw_status_data":null}
[2024-11-26 22:35:29] [DEBUG] Verificando estado de detección
[2024-11-26 22:35:29] [ERROR] Error al obtener estado - Context: {"message":"No hay datos de detección disponibles","status_file_exists":false,"class_names":[],"raw_status_data":null}
[2024-11-26 22:35:31] [INFO] Deteniendo detección
[2024-11-26 22:35:31] [DEBUG] Archivo de detención creado - Context: {"pid":"296"}
[2024-11-26 22:35:31] [DEBUG] Verificando estado de detección
[2024-11-26 22:35:31] [ERROR] Error al obtener estado - Context: {"message":"No hay datos de detección disponibles","status_file_exists":false,"class_names":[],"raw_status_data":null}
[2024-11-26 22:35:33] [DEBUG] Verificando estado de detección
[2024-11-26 22:35:33] [ERROR] Error al obtener estado - Context: {"message":"No hay datos de detección disponibles","status_file_exists":false,"class_names":[],"raw_status_data":null}
[2024-11-26 22:35:34] [INFO] Detección detenida exitosamente
[2024-11-26 23:08:01] [INFO] Iniciando script start_detection.php
[2024-11-26 23:08:01] [DEBUG] Verificando Python Script - Context: {"path":"C:\\xampp\\htdocs\\L_Siembra\/backend\/python\/core\/main.py"}
[2024-11-26 23:08:01] [DEBUG] Verificando Model File - Context: {"path":"C:\\xampp\\htdocs\\L_Siembra\/backend\/python\/models\/bestC.pt"}
[2024-11-26 23:08:01] [DEBUG] Verificando Config File - Context: {"path":"C:\\xampp\\htdocs\\L_Siembra\/backend\/data\/config\/detection_config.json"}
[2024-11-26 23:08:01] [DEBUG] Verificación de Python - Context: {"output":["Python 3.10.11"],"returnVar":0}
[2024-11-26 23:08:01] [DEBUG] Ejecutando comando Windows - Context: {"command":"start \/B \"\" python \"C:\\xampp\\htdocs\\L_Siembra\/backend\/python\/core\/main.py\" > \"C:\\xampp\\htdocs\\L_Siembra\/backend\/logs\/detection.log\" 2>&1"}
[2024-11-26 23:08:01] [DEBUG] Esperando inicialización
[2024-11-26 23:08:08] [INFO] Proceso iniciado exitosamente
[2024-11-26 23:08:08] [DEBUG] Verificando estado de detección
[2024-11-26 23:08:08] [INFO] Estado inicial creado - Context: {"status":{"key":{"current_count":0,"target":29,"deficit":0,"type":"pompon"},"micro":{"current_count":0,"target":29,"deficit":0,"type":"pompon"},"qr":{"current_count":0,"target":29,"deficit":0,"type":"pompon"},"star":{"current_count":0,"target":29,"deficit":0,"type":"pompon"},"women":{"current_count":0,"target":29,"deficit":0,"type":"pompon"},"magnet":{"current_count":0,"target":29,"deficit":0,"type":"pompon"},"puzzle":{"current_count":0,"target":29,"deficit":0,"type":"pompon"},"umbrella":{"current_count":0,"target":29,"deficit":0,"type":"pompon"},"next":{"current_count":0,"target":29,"deficit":0,"type":"pompon"},"sound":{"current_count":0,"target":29,"deficit":0,"type":"pompon"},"flower":{"current_count":0,"target":29,"deficit":0,"type":"pompon"},"serious":{"current_count":0,"target":29,"deficit":0,"type":"pompon"},"x":{"current_count":0,"target":29,"deficit":0,"type":"pompon"}}}
[2024-11-26 23:08:10] [DEBUG] Verificando estado de detección
[2024-11-26 23:08:10] [DEBUG] Datos de estado preparados - Context: {"count":13,"isPaused":false}
[2024-11-26 23:08:12] [DEBUG] Verificando estado de detección
[2024-11-26 23:08:12] [DEBUG] Datos de estado preparados - Context: {"count":13,"isPaused":false}
[2024-11-26 23:08:14] [DEBUG] Verificando estado de detección
[2024-11-26 23:08:14] [DEBUG] Datos de estado preparados - Context: {"count":13,"isPaused":false}
[2024-11-26 23:08:16] [DEBUG] Verificando estado de detección
[2024-11-26 23:08:16] [DEBUG] Datos de estado preparados - Context: {"count":13,"isPaused":false}
[2024-11-26 23:08:18] [DEBUG] Verificando estado de detección
[2024-11-26 23:08:18] [DEBUG] Datos de estado preparados - Context: {"count":13,"isPaused":false}
[2024-11-26 23:08:20] [DEBUG] Verificando estado de detección
[2024-11-26 23:08:20] [DEBUG] Datos de estado preparados - Context: {"count":13,"isPaused":false}
[2024-11-26 23:08:22] [DEBUG] Verificando estado de detección
[2024-11-26 23:08:22] [DEBUG] Datos de estado preparados - Context: {"count":13,"isPaused":false}
[2024-11-26 23:08:24] [DEBUG] Verificando estado de detección
[2024-11-26 23:08:24] [DEBUG] Datos de estado preparados - Context: {"count":13,"isPaused":false}
[2024-11-26 23:08:26] [DEBUG] Verificando estado de detección
[2024-11-26 23:08:26] [DEBUG] Datos de estado preparados - Context: {"count":13,"isPaused":false}
[2024-11-26 23:08:28] [DEBUG] Verificando estado de detección
[2024-11-26 23:08:28] [DEBUG] Datos de estado preparados - Context: {"count":13,"isPaused":false}
[2024-11-26 23:08:30] [DEBUG] Verificando estado de detección
[2024-11-26 23:08:30] [DEBUG] Datos de estado preparados - Context: {"count":13,"isPaused":false}
[2024-11-26 23:08:32] [DEBUG] Verificando estado de detección
[2024-11-26 23:08:32] [DEBUG] Datos de estado preparados - Context: {"count":13,"isPaused":false}
[2024-11-26 23:08:34] [DEBUG] Verificando estado de detección
[2024-11-26 23:08:34] [DEBUG] Datos de estado preparados - Context: {"count":13,"isPaused":false}
[2024-11-26 23:08:36] [DEBUG] Verificando estado de detección
[2024-11-26 23:08:36] [DEBUG] Datos de estado preparados - Context: {"count":13,"isPaused":false}
[2024-11-26 23:08:38] [DEBUG] Verificando estado de detección
[2024-11-26 23:08:38] [DEBUG] Datos de estado preparados - Context: {"count":13,"isPaused":false}
[2024-11-26 23:08:40] [DEBUG] Verificando estado de detección
[2024-11-26 23:08:40] [DEBUG] Datos de estado preparados - Context: {"count":13,"isPaused":false}
[2024-11-26 23:08:42] [DEBUG] Verificando estado de detección
[2024-11-26 23:08:42] [DEBUG] Datos de estado preparados - Context: {"count":13,"isPaused":false}
[2024-11-26 23:08:42] [INFO] Deteniendo detección
[2024-11-26 23:08:42] [DEBUG] Archivo de detención creado - Context: {"pid":"9692"}
[2024-11-26 23:08:44] [DEBUG] Verificando estado de detección
[2024-11-26 23:08:44] [DEBUG] Datos de estado preparados - Context: {"count":13,"isPaused":false}
[2024-11-26 23:08:44] [INFO] Detección detenida exitosamente
[2024-11-26 23:31:32] [INFO] Iniciando script start_detection.php
[2024-11-26 23:31:32] [DEBUG] Verificando Python Script - Context: {"path":"C:\\xampp\\htdocs\\L_Siembra\/backend\/python\/core\/main.py"}
[2024-11-26 23:31:32] [DEBUG] Verificando Model File - Context: {"path":"C:\\xampp\\htdocs\\L_Siembra\/backend\/python\/models\/bestC.pt"}
[2024-11-26 23:31:32] [DEBUG] Verificando Config File - Context: {"path":"C:\\xampp\\htdocs\\L_Siembra\/backend\/data\/config\/detection_config.json"}
[2024-11-26 23:31:32] [DEBUG] Verificación de Python - Context: {"output":["Python 3.10.11"],"returnVar":0}
[2024-11-26 23:31:32] [DEBUG] Ejecutando comando Windows - Context: {"command":"start \/B \"\" python \"C:\\xampp\\htdocs\\L_Siembra\/backend\/python\/core\/main.py\" > \"C:\\xampp\\htdocs\\L_Siembra\/backend\/logs\/detection.log\" 2>&1"}
[2024-11-26 23:31:33] [DEBUG] Esperando inicialización
[2024-11-26 23:31:42] [INFO] Proceso iniciado exitosamente
[2024-11-26 23:31:42] [DEBUG] Verificando estado de detección
[2024-11-26 23:31:42] [DEBUG] Datos de estado preparados - Context: {"count":13,"isPaused":false}
[2024-11-26 23:31:44] [DEBUG] Verificando estado de detección
[2024-11-26 23:31:44] [DEBUG] Datos de estado preparados - Context: {"count":13,"isPaused":false}
[2024-11-26 23:31:46] [DEBUG] Verificando estado de detección
[2024-11-26 23:31:46] [DEBUG] Datos de estado preparados - Context: {"count":13,"isPaused":false}
[2024-11-26 23:31:48] [DEBUG] Verificando estado de detección
[2024-11-26 23:31:48] [DEBUG] Datos de estado preparados - Context: {"count":13,"isPaused":false}
[2024-11-26 23:31:50] [DEBUG] Verificando estado de detección
[2024-11-26 23:31:50] [DEBUG] Datos de estado preparados - Context: {"count":13,"isPaused":false}
[2024-11-26 23:31:52] [DEBUG] Verificando estado de detección
[2024-11-26 23:31:52] [DEBUG] Datos de estado preparados - Context: {"count":13,"isPaused":false}
[2024-11-26 23:31:54] [DEBUG] Verificando estado de detección
[2024-11-26 23:31:54] [DEBUG] Datos de estado preparados - Context: {"count":13,"isPaused":false}
[2024-11-26 23:31:56] [DEBUG] Verificando estado de detección
[2024-11-26 23:31:56] [DEBUG] Datos de estado preparados - Context: {"count":13,"isPaused":false}
[2024-11-26 23:31:58] [DEBUG] Verificando estado de detección
[2024-11-26 23:31:58] [DEBUG] Datos de estado preparados - Context: {"count":13,"isPaused":false}
[2024-11-26 23:32:00] [DEBUG] Verificando estado de detección
[2024-11-26 23:32:00] [DEBUG] Datos de estado preparados - Context: {"count":13,"isPaused":false}
[2024-11-26 23:32:02] [DEBUG] Verificando estado de detección
[2024-11-26 23:32:02] [DEBUG] Datos de estado preparados - Context: {"count":13,"isPaused":false}
[2024-11-26 23:32:04] [DEBUG] Verificando estado de detección
[2024-11-26 23:32:04] [DEBUG] Datos de estado preparados - Context: {"count":13,"isPaused":false}
[2024-11-26 23:32:06] [DEBUG] Verificando estado de detección
[2024-11-26 23:32:06] [DEBUG] Datos de estado preparados - Context: {"count":13,"isPaused":false}
[2024-11-26 23:32:08] [DEBUG] Verificando estado de detección
[2024-11-26 23:32:08] [DEBUG] Datos de estado preparados - Context: {"count":13,"isPaused":false}
[2024-11-26 23:32:10] [DEBUG] Verificando estado de detección
[2024-11-26 23:32:10] [DEBUG] Datos de estado preparados - Context: {"count":13,"isPaused":false}
[2024-11-26 23:32:12] [DEBUG] Verificando estado de detección
[2024-11-26 23:32:12] [DEBUG] Datos de estado preparados - Context: {"count":13,"isPaused":false}
[2024-11-26 23:32:14] [DEBUG] Verificando estado de detección
[2024-11-26 23:32:14] [DEBUG] Datos de estado preparados - Context: {"count":13,"isPaused":false}
[2024-11-26 23:32:16] [DEBUG] Verificando estado de detección
[2024-11-26 23:32:16] [DEBUG] Datos de estado preparados - Context: {"count":13,"isPaused":false}
[2024-11-26 23:32:18] [DEBUG] Verificando estado de detección
[2024-11-26 23:32:18] [DEBUG] Datos de estado preparados - Context: {"count":13,"isPaused":false}
[2024-11-26 23:32:20] [DEBUG] Verificando estado de detección
[2024-11-26 23:32:20] [DEBUG] Datos de estado preparados - Context: {"count":13,"isPaused":false}
[2024-11-26 23:32:22] [DEBUG] Verificando estado de detección
[2024-11-26 23:32:22] [DEBUG] Datos de estado preparados - Context: {"count":13,"isPaused":false}
[2024-11-26 23:32:24] [DEBUG] Verificando estado de detección
[2024-11-26 23:32:24] [DEBUG] Datos de estado preparados - Context: {"count":13,"isPaused":false}
[2024-11-26 23:32:26] [DEBUG] Verificando estado de detección
[2024-11-26 23:32:26] [DEBUG] Datos de estado preparados - Context: {"count":13,"isPaused":false}
[2024-11-26 23:32:28] [DEBUG] Verificando estado de detección
[2024-11-26 23:32:28] [DEBUG] Datos de estado preparados - Context: {"count":13,"isPaused":false}
[2024-11-26 23:32:30] [DEBUG] Verificando estado de detección
[2024-11-26 23:32:30] [DEBUG] Datos de estado preparados - Context: {"count":13,"isPaused":false}
[2024-11-26 23:32:32] [DEBUG] Verificando estado de detección
[2024-11-26 23:32:32] [DEBUG] Datos de estado preparados - Context: {"count":13,"isPaused":false}
[2024-11-26 23:32:34] [DEBUG] Verificando estado de detección
[2024-11-26 23:32:34] [DEBUG] Datos de estado preparados - Context: {"count":13,"isPaused":false}
[2024-11-26 23:32:36] [DEBUG] Verificando estado de detección
[2024-11-26 23:32:36] [DEBUG] Datos de estado preparados - Context: {"count":13,"isPaused":false}
[2024-11-26 23:32:38] [DEBUG] Verificando estado de detección
[2024-11-26 23:32:38] [DEBUG] Datos de estado preparados - Context: {"count":13,"isPaused":false}
[2024-11-26 23:32:40] [DEBUG] Verificando estado de detección
[2024-11-26 23:32:40] [DEBUG] Datos de estado preparados - Context: {"count":13,"isPaused":false}
[2024-11-26 23:32:42] [DEBUG] Verificando estado de detección
[2024-11-26 23:32:42] [DEBUG] Datos de estado preparados - Context: {"count":13,"isPaused":false}
[2024-11-26 23:32:44] [DEBUG] Verificando estado de detección
[2024-11-26 23:32:44] [DEBUG] Datos de estado preparados - Context: {"count":13,"isPaused":false}
[2024-11-26 23:32:46] [DEBUG] Verificando estado de detección
[2024-11-26 23:32:46] [DEBUG] Datos de estado preparados - Context: {"count":13,"isPaused":false}
[2024-11-26 23:32:48] [DEBUG] Verificando estado de detección
[2024-11-26 23:32:48] [DEBUG] Datos de estado preparados - Context: {"count":13,"isPaused":false}
[2024-11-26 23:32:50] [DEBUG] Verificando estado de detección
[2024-11-26 23:32:50] [DEBUG] Datos de estado preparados - Context: {"count":13,"isPaused":false}
[2024-11-26 23:32:52] [DEBUG] Verificando estado de detección
[2024-11-26 23:32:52] [DEBUG] Datos de estado preparados - Context: {"count":13,"isPaused":false}
[2024-11-26 23:32:54] [DEBUG] Verificando estado de detección
[2024-11-26 23:32:54] [DEBUG] Datos de estado preparados - Context: {"count":13,"isPaused":false}
[2024-11-26 23:32:56] [DEBUG] Verificando estado de detección
[2024-11-26 23:32:56] [DEBUG] Datos de estado preparados - Context: {"count":13,"isPaused":false}
[2024-11-26 23:32:58] [DEBUG] Verificando estado de detección
[2024-11-26 23:32:58] [DEBUG] Datos de estado preparados - Context: {"count":13,"isPaused":false}
[2024-11-26 23:33:00] [DEBUG] Verificando estado de detección
[2024-11-26 23:33:00] [DEBUG] Datos de estado preparados - Context: {"count":13,"isPaused":false}
[2024-11-26 23:33:02] [DEBUG] Verificando estado de detección
[2024-11-26 23:33:02] [DEBUG] Datos de estado preparados - Context: {"count":13,"isPaused":false}
[2024-11-26 23:33:04] [DEBUG] Verificando estado de detección
[2024-11-26 23:33:04] [DEBUG] Datos de estado preparados - Context: {"count":13,"isPaused":false}
[2024-11-26 23:33:06] [DEBUG] Verificando estado de detección
[2024-11-26 23:33:06] [DEBUG] Datos de estado preparados - Context: {"count":13,"isPaused":false}
[2024-11-26 23:33:08] [DEBUG] Verificando estado de detección
[2024-11-26 23:33:08] [DEBUG] Datos de estado preparados - Context: {"count":13,"isPaused":false}
[2024-11-26 23:33:10] [DEBUG] Verificando estado de detección
[2024-11-26 23:33:10] [DEBUG] Datos de estado preparados - Context: {"count":13,"isPaused":false}
[2024-11-26 23:33:12] [DEBUG] Verificando estado de detección
[2024-11-26 23:33:12] [DEBUG] Datos de estado preparados - Context: {"count":13,"isPaused":false}
[2024-11-26 23:33:14] [DEBUG] Verificando estado de detección
[2024-11-26 23:33:14] [DEBUG] Datos de estado preparados - Context: {"count":13,"isPaused":false}
[2024-11-26 23:33:16] [DEBUG] Verificando estado de detección
[2024-11-26 23:33:16] [DEBUG] Datos de estado preparados - Context: {"count":13,"isPaused":false}
[2024-11-26 23:33:18] [DEBUG] Verificando estado de detección
[2024-11-26 23:33:18] [DEBUG] Datos de estado preparados - Context: {"count":13,"isPaused":false}
[2024-11-26 23:33:20] [DEBUG] Verificando estado de detección
[2024-11-26 23:33:20] [DEBUG] Datos de estado preparados - Context: {"count":13,"isPaused":false}
[2024-11-26 23:33:22] [DEBUG] Verificando estado de detección
[2024-11-26 23:33:22] [DEBUG] Datos de estado preparados - Context: {"count":13,"isPaused":false}
[2024-11-26 23:33:24] [DEBUG] Verificando estado de detección
[2024-11-26 23:33:24] [DEBUG] Datos de estado preparados - Context: {"count":13,"isPaused":false}
[2024-11-26 23:33:26] [DEBUG] Verificando estado de detección
[2024-11-26 23:33:26] [DEBUG] Datos de estado preparados - Context: {"count":13,"isPaused":false}
[2024-11-26 23:33:28] [DEBUG] Verificando estado de detección
[2024-11-26 23:33:28] [DEBUG] Datos de estado preparados - Context: {"count":13,"isPaused":false}
[2024-11-26 23:33:30] [DEBUG] Verificando estado de detección
[2024-11-26 23:33:30] [DEBUG] Datos de estado preparados - Context: {"count":13,"isPaused":false}
[2024-11-26 23:33:32] [DEBUG] Verificando estado de detección
[2024-11-26 23:33:32] [DEBUG] Datos de estado preparados - Context: {"count":13,"isPaused":false}
[2024-11-26 23:33:34] [DEBUG] Verificando estado de detección
[2024-11-26 23:33:34] [DEBUG] Datos de estado preparados - Context: {"count":13,"isPaused":false}
[2024-11-26 23:33:36] [DEBUG] Verificando estado de detección
[2024-11-26 23:33:36] [DEBUG] Datos de estado preparados - Context: {"count":13,"isPaused":false}
[2024-11-26 23:33:38] [DEBUG] Verificando estado de detección
[2024-11-26 23:33:38] [DEBUG] Datos de estado preparados - Context: {"count":13,"isPaused":false}
[2024-11-26 23:33:40] [DEBUG] Verificando estado de detección
[2024-11-26 23:33:40] [DEBUG] Datos de estado preparados - Context: {"count":13,"isPaused":false}
[2024-11-26 23:33:42] [DEBUG] Verificando estado de detección
[2024-11-26 23:33:42] [DEBUG] Datos de estado preparados - Context: {"count":13,"isPaused":false}
[2024-11-26 23:33:44] [DEBUG] Verificando estado de detección
[2024-11-26 23:33:44] [DEBUG] Datos de estado preparados - Context: {"count":13,"isPaused":false}
[2024-11-26 23:33:46] [DEBUG] Verificando estado de detección
[2024-11-26 23:33:46] [DEBUG] Datos de estado preparados - Context: {"count":13,"isPaused":false}
[2024-11-26 23:33:48] [DEBUG] Verificando estado de detección
[2024-11-26 23:33:48] [DEBUG] Datos de estado preparados - Context: {"count":13,"isPaused":false}
[2024-11-26 23:33:50] [DEBUG] Verificando estado de detección
[2024-11-26 23:33:50] [DEBUG] Datos de estado preparados - Context: {"count":13,"isPaused":false}
[2024-11-26 23:33:52] [DEBUG] Verificando estado de detección
[2024-11-26 23:33:52] [DEBUG] Datos de estado preparados - Context: {"count":13,"isPaused":false}
[2024-11-26 23:33:54] [DEBUG] Verificando estado de detección
[2024-11-26 23:33:54] [DEBUG] Datos de estado preparados - Context: {"count":13,"isPaused":false}
[2024-11-26 23:33:56] [DEBUG] Verificando estado de detección
[2024-11-26 23:33:56] [DEBUG] Datos de estado preparados - Context: {"count":13,"isPaused":false}
[2024-11-26 23:33:58] [DEBUG] Verificando estado de detección
[2024-11-26 23:33:58] [DEBUG] Datos de estado preparados - Context: {"count":13,"isPaused":false}
[2024-11-26 23:34:00] [DEBUG] Verificando estado de detección
[2024-11-26 23:34:00] [DEBUG] Datos de estado preparados - Context: {"count":13,"isPaused":false}
[2024-11-26 23:34:02] [DEBUG] Verificando estado de detección
[2024-11-26 23:34:02] [DEBUG] Datos de estado preparados - Context: {"count":13,"isPaused":false}
[2024-11-26 23:34:04] [DEBUG] Verificando estado de detección
[2024-11-26 23:34:04] [DEBUG] Datos de estado preparados - Context: {"count":13,"isPaused":false}
[2024-11-26 23:34:06] [DEBUG] Verificando estado de detección
[2024-11-26 23:34:06] [DEBUG] Datos de estado preparados - Context: {"count":13,"isPaused":false}
[2024-11-26 23:34:08] [DEBUG] Verificando estado de detección
[2024-11-26 23:34:08] [DEBUG] Datos de estado preparados - Context: {"count":13,"isPaused":false}
[2024-11-26 23:34:10] [DEBUG] Verificando estado de detección
[2024-11-26 23:34:10] [DEBUG] Datos de estado preparados - Context: {"count":13,"isPaused":false}
[2024-11-26 23:34:12] [DEBUG] Verificando estado de detección
[2024-11-26 23:34:12] [DEBUG] Datos de estado preparados - Context: {"count":13,"isPaused":false}
[2024-11-26 23:34:14] [DEBUG] Verificando estado de detección
[2024-11-26 23:34:14] [DEBUG] Datos de estado preparados - Context: {"count":13,"isPaused":false}
[2024-11-26 23:34:16] [DEBUG] Verificando estado de detección
[2024-11-26 23:34:16] [DEBUG] Datos de estado preparados - Context: {"count":13,"isPaused":false}
[2024-11-26 23:34:18] [DEBUG] Verificando estado de detección
[2024-11-26 23:34:18] [DEBUG] Datos de estado preparados - Context: {"count":13,"isPaused":false}
[2024-11-26 23:34:20] [DEBUG] Verificando estado de detección
[2024-11-26 23:34:20] [DEBUG] Datos de estado preparados - Context: {"count":13,"isPaused":false}
[2024-11-26 23:34:22] [DEBUG] Verificando estado de detección
[2024-11-26 23:34:22] [DEBUG] Datos de estado preparados - Context: {"count":13,"isPaused":false}
[2024-11-26 23:34:24] [DEBUG] Verificando estado de detección
[2024-11-26 23:34:24] [DEBUG] Datos de estado preparados - Context: {"count":13,"isPaused":false}
[2024-11-26 23:34:26] [DEBUG] Verificando estado de detección
[2024-11-26 23:34:26] [DEBUG] Datos de estado preparados - Context: {"count":13,"isPaused":false}
[2024-11-26 23:34:28] [DEBUG] Verificando estado de detección
[2024-11-26 23:34:28] [DEBUG] Datos de estado preparados - Context: {"count":13,"isPaused":false}
[2024-11-26 23:34:30] [DEBUG] Verificando estado de detección
[2024-11-26 23:34:30] [DEBUG] Datos de estado preparados - Context: {"count":13,"isPaused":false}
[2024-11-26 23:34:32] [DEBUG] Verificando estado de detección
[2024-11-26 23:34:32] [DEBUG] Datos de estado preparados - Context: {"count":13,"isPaused":false}
[2024-11-26 23:34:34] [DEBUG] Verificando estado de detección
[2024-11-26 23:34:34] [DEBUG] Datos de estado preparados - Context: {"count":13,"isPaused":false}
[2024-11-26 23:34:36] [DEBUG] Verificando estado de detección
[2024-11-26 23:34:36] [DEBUG] Datos de estado preparados - Context: {"count":13,"isPaused":false}
[2024-11-26 23:34:38] [DEBUG] Verificando estado de detección
[2024-11-26 23:34:38] [DEBUG] Datos de estado preparados - Context: {"count":13,"isPaused":false}
[2024-11-26 23:34:40] [DEBUG] Verificando estado de detección
[2024-11-26 23:34:40] [DEBUG] Datos de estado preparados - Context: {"count":13,"isPaused":false}
[2024-11-26 23:34:42] [DEBUG] Verificando estado de detección
[2024-11-26 23:34:42] [DEBUG] Datos de estado preparados - Context: {"count":13,"isPaused":false}
[2024-11-26 23:34:44] [DEBUG] Verificando estado de detección
[2024-11-26 23:34:44] [DEBUG] Datos de estado preparados - Context: {"count":13,"isPaused":false}
[2024-11-26 23:34:46] [DEBUG] Verificando estado de detección
[2024-11-26 23:34:46] [DEBUG] Datos de estado preparados - Context: {"count":13,"isPaused":false}
[2024-11-26 23:34:48] [DEBUG] Verificando estado de detección
[2024-11-26 23:34:48] [DEBUG] Datos de estado preparados - Context: {"count":13,"isPaused":false}
[2024-11-26 23:34:50] [DEBUG] Verificando estado de detección
[2024-11-26 23:34:50] [DEBUG] Datos de estado preparados - Context: {"count":13,"isPaused":false}
[2024-11-26 23:34:52] [DEBUG] Verificando estado de detección
[2024-11-26 23:34:52] [DEBUG] Datos de estado preparados - Context: {"count":13,"isPaused":false}
[2024-11-26 23:34:54] [DEBUG] Verificando estado de detección
[2024-11-26 23:34:54] [DEBUG] Datos de estado preparados - Context: {"count":13,"isPaused":false}
[2024-11-26 23:34:56] [DEBUG] Verificando estado de detección
[2024-11-26 23:34:56] [DEBUG] Datos de estado preparados - Context: {"count":13,"isPaused":false}
[2024-11-26 23:34:58] [DEBUG] Verificando estado de detección
[2024-11-26 23:34:58] [DEBUG] Datos de estado preparados - Context: {"count":13,"isPaused":false}
[2024-11-26 23:35:00] [DEBUG] Verificando estado de detección
[2024-11-26 23:35:00] [DEBUG] Datos de estado preparados - Context: {"count":13,"isPaused":false}
[2024-11-26 23:35:02] [DEBUG] Verificando estado de detección
[2024-11-26 23:35:02] [DEBUG] Datos de estado preparados - Context: {"count":13,"isPaused":false}
[2024-11-26 23:35:04] [DEBUG] Verificando estado de detección
[2024-11-26 23:35:04] [DEBUG] Datos de estado preparados - Context: {"count":13,"isPaused":false}
[2024-11-26 23:35:06] [DEBUG] Verificando estado de detección
[2024-11-26 23:35:06] [DEBUG] Datos de estado preparados - Context: {"count":13,"isPaused":false}
[2024-11-26 23:35:08] [DEBUG] Verificando estado de detección
[2024-11-26 23:35:08] [DEBUG] Datos de estado preparados - Context: {"count":13,"isPaused":false}
[2024-11-26 23:35:10] [DEBUG] Verificando estado de detección
[2024-11-26 23:35:10] [DEBUG] Datos de estado preparados - Context: {"count":13,"isPaused":false}
[2024-11-26 23:35:12] [DEBUG] Verificando estado de detección
[2024-11-26 23:35:12] [DEBUG] Datos de estado preparados - Context: {"count":13,"isPaused":false}
[2024-11-26 23:35:14] [DEBUG] Verificando estado de detección
[2024-11-26 23:35:14] [DEBUG] Datos de estado preparados - Context: {"count":13,"isPaused":false}
[2024-11-26 23:35:16] [DEBUG] Verificando estado de detección
[2024-11-26 23:35:16] [DEBUG] Datos de estado preparados - Context: {"count":13,"isPaused":false}
[2024-11-26 23:35:18] [DEBUG] Verificando estado de detección
[2024-11-26 23:35:18] [DEBUG] Datos de estado preparados - Context: {"count":13,"isPaused":false}
[2024-11-26 23:35:20] [DEBUG] Verificando estado de detección
[2024-11-26 23:35:20] [DEBUG] Datos de estado preparados - Context: {"count":13,"isPaused":false}
[2024-11-26 23:35:22] [DEBUG] Verificando estado de detección
[2024-11-26 23:35:22] [DEBUG] Datos de estado preparados - Context: {"count":13,"isPaused":false}
[2024-11-26 23:35:24] [DEBUG] Verificando estado de detección
[2024-11-26 23:35:24] [DEBUG] Datos de estado preparados - Context: {"count":13,"isPaused":false}
[2024-11-26 23:35:26] [DEBUG] Verificando estado de detección
[2024-11-26 23:35:26] [DEBUG] Datos de estado preparados - Context: {"count":13,"isPaused":false}
[2024-11-26 23:35:28] [DEBUG] Verificando estado de detección
[2024-11-26 23:35:28] [DEBUG] Datos de estado preparados - Context: {"count":13,"isPaused":false}
[2024-11-26 23:35:30] [DEBUG] Verificando estado de detección
[2024-11-26 23:35:30] [DEBUG] Datos de estado preparados - Context: {"count":13,"isPaused":false}
[2024-11-26 23:35:32] [DEBUG] Verificando estado de detección
[2024-11-26 23:35:32] [DEBUG] Datos de estado preparados - Context: {"count":13,"isPaused":false}
[2024-11-26 23:35:34] [DEBUG] Verificando estado de detección
[2024-11-26 23:35:34] [DEBUG] Datos de estado preparados - Context: {"count":13,"isPaused":false}
[2024-11-26 23:35:36] [DEBUG] Verificando estado de detección
[2024-11-26 23:35:36] [DEBUG] Datos de estado preparados - Context: {"count":13,"isPaused":false}
[2024-11-26 23:35:38] [DEBUG] Verificando estado de detección
[2024-11-26 23:35:38] [DEBUG] Datos de estado preparados - Context: {"count":13,"isPaused":false}
[2024-11-26 23:35:40] [DEBUG] Verificando estado de detección
[2024-11-26 23:35:40] [DEBUG] Datos de estado preparados - Context: {"count":13,"isPaused":false}
[2024-11-26 23:35:42] [DEBUG] Verificando estado de detección
[2024-11-26 23:35:42] [DEBUG] Datos de estado preparados - Context: {"count":13,"isPaused":false}
[2024-11-26 23:35:44] [DEBUG] Verificando estado de detección
[2024-11-26 23:35:44] [DEBUG] Datos de estado preparados - Context: {"count":13,"isPaused":false}
[2024-11-26 23:35:46] [DEBUG] Verificando estado de detección
[2024-11-26 23:35:46] [DEBUG] Datos de estado preparados - Context: {"count":13,"isPaused":false}
[2024-11-26 23:35:48] [DEBUG] Verificando estado de detección
[2024-11-26 23:35:48] [DEBUG] Datos de estado preparados - Context: {"count":13,"isPaused":false}
[2024-11-26 23:35:50] [DEBUG] Verificando estado de detección
[2024-11-26 23:35:50] [DEBUG] Datos de estado preparados - Context: {"count":13,"isPaused":false}
[2024-11-26 23:35:52] [DEBUG] Verificando estado de detección
[2024-11-26 23:35:52] [DEBUG] Datos de estado preparados - Context: {"count":13,"isPaused":false}
[2024-11-26 23:35:54] [DEBUG] Verificando estado de detección
[2024-11-26 23:35:54] [DEBUG] Datos de estado preparados - Context: {"count":13,"isPaused":false}
[2024-11-26 23:35:56] [DEBUG] Verificando estado de detección
[2024-11-26 23:35:56] [DEBUG] Datos de estado preparados - Context: {"count":13,"isPaused":false}
[2024-11-26 23:35:58] [DEBUG] Verificando estado de detección
[2024-11-26 23:35:58] [DEBUG] Datos de estado preparados - Context: {"count":13,"isPaused":false}
[2024-11-26 23:36:00] [DEBUG] Verificando estado de detección
[2024-11-26 23:36:00] [DEBUG] Datos de estado preparados - Context: {"count":13,"isPaused":false}
[2024-11-26 23:36:02] [DEBUG] Verificando estado de detección
[2024-11-26 23:36:02] [DEBUG] Datos de estado preparados - Context: {"count":13,"isPaused":false}
[2024-11-26 23:36:04] [DEBUG] Verificando estado de detección
[2024-11-26 23:36:04] [DEBUG] Datos de estado preparados - Context: {"count":13,"isPaused":false}
[2024-11-26 23:36:06] [DEBUG] Verificando estado de detección
[2024-11-26 23:36:06] [DEBUG] Datos de estado preparados - Context: {"count":13,"isPaused":false}
[2024-11-26 23:36:08] [DEBUG] Verificando estado de detección
[2024-11-26 23:36:08] [DEBUG] Datos de estado preparados - Context: {"count":13,"isPaused":false}
[2024-11-26 23:36:10] [DEBUG] Verificando estado de detección
[2024-11-26 23:36:10] [DEBUG] Datos de estado preparados - Context: {"count":13,"isPaused":false}
[2024-11-26 23:36:12] [DEBUG] Verificando estado de detección
[2024-11-26 23:36:12] [DEBUG] Datos de estado preparados - Context: {"count":13,"isPaused":false}
[2024-11-26 23:36:14] [DEBUG] Verificando estado de detección
[2024-11-26 23:36:14] [DEBUG] Datos de estado preparados - Context: {"count":13,"isPaused":false}
[2024-11-26 23:36:16] [DEBUG] Verificando estado de detección
[2024-11-26 23:36:16] [DEBUG] Datos de estado preparados - Context: {"count":13,"isPaused":false}
[2024-11-26 23:36:18] [DEBUG] Verificando estado de detección
[2024-11-26 23:36:18] [DEBUG] Datos de estado preparados - Context: {"count":13,"isPaused":false}
[2024-11-26 23:36:20] [DEBUG] Verificando estado de detección
[2024-11-26 23:36:20] [DEBUG] Datos de estado preparados - Context: {"count":13,"isPaused":false}
[2024-11-26 23:36:22] [DEBUG] Verificando estado de detección
[2024-11-26 23:36:22] [DEBUG] Datos de estado preparados - Context: {"count":13,"isPaused":false}
[2024-11-26 23:36:24] [DEBUG] Verificando estado de detección
[2024-11-26 23:36:24] [DEBUG] Datos de estado preparados - Context: {"count":13,"isPaused":false}
[2024-11-26 23:36:26] [DEBUG] Verificando estado de detección
[2024-11-26 23:36:26] [DEBUG] Datos de estado preparados - Context: {"count":13,"isPaused":false}
[2024-11-26 23:36:28] [DEBUG] Verificando estado de detección
[2024-11-26 23:36:28] [DEBUG] Datos de estado preparados - Context: {"count":13,"isPaused":false}
[2024-11-26 23:36:30] [DEBUG] Verificando estado de detección
[2024-11-26 23:36:30] [DEBUG] Datos de estado preparados - Context: {"count":13,"isPaused":false}
[2024-11-26 23:36:32] [DEBUG] Verificando estado de detección
[2024-11-26 23:36:32] [DEBUG] Datos de estado preparados - Context: {"count":13,"isPaused":false}
[2024-11-26 23:36:34] [DEBUG] Verificando estado de detección
[2024-11-26 23:36:34] [DEBUG] Datos de estado preparados - Context: {"count":13,"isPaused":false}
[2024-11-26 23:36:36] [DEBUG] Verificando estado de detección
[2024-11-26 23:36:36] [DEBUG] Datos de estado preparados - Context: {"count":13,"isPaused":false}
[2024-11-26 23:36:38] [DEBUG] Verificando estado de detección
[2024-11-26 23:36:38] [DEBUG] Datos de estado preparados - Context: {"count":13,"isPaused":false}
[2024-11-26 23:36:40] [DEBUG] Verificando estado de detección
[2024-11-26 23:36:40] [DEBUG] Datos de estado preparados - Context: {"count":13,"isPaused":false}
[2024-11-26 23:36:42] [DEBUG] Verificando estado de detección
[2024-11-26 23:36:42] [DEBUG] Datos de estado preparados - Context: {"count":13,"isPaused":false}
[2024-11-26 23:36:44] [DEBUG] Verificando estado de detección
[2024-11-26 23:36:44] [DEBUG] Datos de estado preparados - Context: {"count":13,"isPaused":false}
[2024-11-26 23:36:45] [INFO] Deteniendo detección
[2024-11-26 23:36:45] [DEBUG] Archivo de detención creado - Context: {"pid":"17844"}
[2024-11-26 23:36:46] [DEBUG] Verificando estado de detección
[2024-11-26 23:36:46] [DEBUG] Datos de estado preparados - Context: {"count":13,"isPaused":false}
[2024-11-26 23:36:47] [INFO] Detección detenida exitosamente
[2024-11-26 23:46:28] [INFO] Iniciando script start_detection.php
[2024-11-26 23:46:28] [DEBUG] Verificando Python Script - Context: {"path":"C:\\xampp\\htdocs\\L_Siembra\/backend\/python\/core\/main.py"}
[2024-11-26 23:46:28] [DEBUG] Verificando Model File - Context: {"path":"C:\\xampp\\htdocs\\L_Siembra\/backend\/python\/models\/bestC.pt"}
[2024-11-26 23:46:28] [DEBUG] Verificando Config File - Context: {"path":"C:\\xampp\\htdocs\\L_Siembra\/backend\/data\/config\/detection_config.json"}
[2024-11-26 23:46:28] [DEBUG] Verificación de Python - Context: {"output":["Python 3.10.11"],"returnVar":0}
[2024-11-26 23:46:28] [DEBUG] Ejecutando comando Windows - Context: {"command":"start \/B \"\" python \"C:\\xampp\\htdocs\\L_Siembra\/backend\/python\/core\/main.py\" > \"C:\\xampp\\htdocs\\L_Siembra\/backend\/logs\/detection.log\" 2>&1"}
[2024-11-26 23:46:28] [DEBUG] Esperando inicialización
[2024-11-26 23:46:35] [INFO] Proceso iniciado exitosamente
[2024-11-26 23:46:35] [DEBUG] Verificando estado de detección
[2024-11-26 23:46:35] [DEBUG] Datos de estado preparados - Context: {"count":13,"isPaused":false}
[2024-11-26 23:46:37] [DEBUG] Verificando estado de detección
[2024-11-26 23:46:37] [DEBUG] Datos de estado preparados - Context: {"count":13,"isPaused":false}
[2024-11-26 23:46:39] [DEBUG] Verificando estado de detección
[2024-11-26 23:46:39] [DEBUG] Datos de estado preparados - Context: {"count":13,"isPaused":false}
[2024-11-26 23:46:41] [DEBUG] Verificando estado de detección
[2024-11-26 23:46:41] [DEBUG] Datos de estado preparados - Context: {"count":13,"isPaused":false}
[2024-11-26 23:46:43] [DEBUG] Verificando estado de detección
[2024-11-26 23:46:43] [DEBUG] Datos de estado preparados - Context: {"count":13,"isPaused":false}
[2024-11-26 23:46:45] [DEBUG] Verificando estado de detección
[2024-11-26 23:46:45] [DEBUG] Datos de estado preparados - Context: {"count":13,"isPaused":false}
[2024-11-26 23:46:47] [DEBUG] Verificando estado de detección
[2024-11-26 23:46:47] [DEBUG] Datos de estado preparados - Context: {"count":13,"isPaused":false}
[2024-11-26 23:46:49] [DEBUG] Verificando estado de detección
[2024-11-26 23:46:49] [DEBUG] Datos de estado preparados - Context: {"count":13,"isPaused":false}
[2024-11-26 23:46:51] [DEBUG] Verificando estado de detección
[2024-11-26 23:46:51] [DEBUG] Datos de estado preparados - Context: {"count":13,"isPaused":false}
[2024-11-26 23:46:53] [DEBUG] Verificando estado de detección
[2024-11-26 23:46:53] [DEBUG] Datos de estado preparados - Context: {"count":13,"isPaused":false}
[2024-11-26 23:46:55] [DEBUG] Verificando estado de detección
[2024-11-26 23:46:55] [DEBUG] Datos de estado preparados - Context: {"count":13,"isPaused":false}
[2024-11-26 23:46:57] [DEBUG] Verificando estado de detección
[2024-11-26 23:46:57] [DEBUG] Datos de estado preparados - Context: {"count":13,"isPaused":false}
[2024-11-26 23:46:59] [DEBUG] Verificando estado de detección
[2024-11-26 23:46:59] [DEBUG] Datos de estado preparados - Context: {"count":13,"isPaused":false}
[2024-11-26 23:47:01] [DEBUG] Verificando estado de detección
[2024-11-26 23:47:01] [DEBUG] Datos de estado preparados - Context: {"count":13,"isPaused":false}
[2024-11-26 23:47:03] [DEBUG] Verificando estado de detección
[2024-11-26 23:47:03] [DEBUG] Datos de estado preparados - Context: {"count":13,"isPaused":false}
[2024-11-26 23:47:05] [DEBUG] Verificando estado de detección
[2024-11-26 23:47:05] [DEBUG] Datos de estado preparados - Context: {"count":13,"isPaused":false}
[2024-11-26 23:47:07] [DEBUG] Verificando estado de detección
[2024-11-26 23:47:07] [DEBUG] Datos de estado preparados - Context: {"count":13,"isPaused":false}
[2024-11-26 23:47:09] [DEBUG] Verificando estado de detección
[2024-11-26 23:47:09] [DEBUG] Datos de estado preparados - Context: {"count":13,"isPaused":false}
[2024-11-26 23:47:11] [DEBUG] Verificando estado de detección
[2024-11-26 23:47:11] [DEBUG] Datos de estado preparados - Context: {"count":13,"isPaused":false}
[2024-11-26 23:47:13] [DEBUG] Verificando estado de detección
[2024-11-26 23:47:13] [DEBUG] Datos de estado preparados - Context: {"count":13,"isPaused":false}
[2024-11-26 23:47:15] [DEBUG] Verificando estado de detección
[2024-11-26 23:47:15] [DEBUG] Datos de estado preparados - Context: {"count":13,"isPaused":false}
[2024-11-26 23:47:17] [DEBUG] Verificando estado de detección
[2024-11-26 23:47:17] [DEBUG] Datos de estado preparados - Context: {"count":13,"isPaused":false}
[2024-11-26 23:47:19] [DEBUG] Verificando estado de detección
[2024-11-26 23:47:19] [DEBUG] Datos de estado preparados - Context: {"count":13,"isPaused":false}
[2024-11-26 23:47:21] [DEBUG] Verificando estado de detección
[2024-11-26 23:47:21] [DEBUG] Datos de estado preparados - Context: {"count":13,"isPaused":false}
[2024-11-26 23:47:23] [DEBUG] Verificando estado de detección
[2024-11-26 23:47:23] [DEBUG] Datos de estado preparados - Context: {"count":13,"isPaused":false}
[2024-11-26 23:47:25] [DEBUG] Verificando estado de detección
[2024-11-26 23:47:25] [DEBUG] Datos de estado preparados - Context: {"count":13,"isPaused":false}
[2024-11-26 23:47:27] [DEBUG] Verificando estado de detección
[2024-11-26 23:47:27] [DEBUG] Datos de estado preparados - Context: {"count":13,"isPaused":false}
[2024-11-26 23:47:29] [DEBUG] Verificando estado de detección
[2024-11-26 23:47:29] [DEBUG] Datos de estado preparados - Context: {"count":13,"isPaused":false}
[2024-11-26 23:47:31] [DEBUG] Verificando estado de detección
[2024-11-26 23:47:31] [DEBUG] Datos de estado preparados - Context: {"count":13,"isPaused":false}
[2024-11-26 23:47:33] [DEBUG] Verificando estado de detección
[2024-11-26 23:47:33] [DEBUG] Datos de estado preparados - Context: {"count":13,"isPaused":false}
[2024-11-26 23:47:35] [DEBUG] Verificando estado de detección
[2024-11-26 23:47:35] [DEBUG] Datos de estado preparados - Context: {"count":13,"isPaused":false}
[2024-11-26 23:47:37] [DEBUG] Verificando estado de detección
[2024-11-26 23:47:37] [DEBUG] Datos de estado preparados - Context: {"count":13,"isPaused":false}
[2024-11-26 23:47:39] [DEBUG] Verificando estado de detección
[2024-11-26 23:47:39] [DEBUG] Datos de estado preparados - Context: {"count":13,"isPaused":false}
[2024-11-26 23:47:41] [DEBUG] Verificando estado de detección
[2024-11-26 23:47:41] [DEBUG] Datos de estado preparados - Context: {"count":13,"isPaused":false}
[2024-11-26 23:47:43] [DEBUG] Verificando estado de detección
[2024-11-26 23:47:43] [DEBUG] Datos de estado preparados - Context: {"count":13,"isPaused":false}
[2024-11-26 23:47:45] [DEBUG] Verificando estado de detección
[2024-11-26 23:47:45] [DEBUG] Datos de estado preparados - Context: {"count":13,"isPaused":false}
[2024-11-26 23:47:47] [DEBUG] Verificando estado de detección
[2024-11-26 23:47:47] [DEBUG] Datos de estado preparados - Context: {"count":13,"isPaused":false}
[2024-11-26 23:47:49] [DEBUG] Verificando estado de detección
[2024-11-26 23:47:49] [DEBUG] Datos de estado preparados - Context: {"count":13,"isPaused":false}
[2024-11-26 23:47:51] [DEBUG] Verificando estado de detección
[2024-11-26 23:47:51] [DEBUG] Datos de estado preparados - Context: {"count":13,"isPaused":false}
[2024-11-26 23:47:53] [DEBUG] Verificando estado de detección
[2024-11-26 23:47:53] [DEBUG] Datos de estado preparados - Context: {"count":13,"isPaused":false}
[2024-11-26 23:47:55] [DEBUG] Verificando estado de detección
[2024-11-26 23:47:55] [DEBUG] Datos de estado preparados - Context: {"count":13,"isPaused":false}
[2024-11-26 23:47:57] [DEBUG] Verificando estado de detección
[2024-11-26 23:47:57] [DEBUG] Datos de estado preparados - Context: {"count":13,"isPaused":false}
[2024-11-26 23:47:59] [DEBUG] Verificando estado de detección
[2024-11-26 23:47:59] [DEBUG] Datos de estado preparados - Context: {"count":13,"isPaused":false}
[2024-11-26 23:48:01] [DEBUG] Verificando estado de detección
[2024-11-26 23:48:01] [DEBUG] Datos de estado preparados - Context: {"count":13,"isPaused":false}
[2024-11-26 23:48:02] [INFO] Deteniendo detección
[2024-11-26 23:48:02] [DEBUG] Archivo de detención creado - Context: {"pid":"7124"}
[2024-11-26 23:48:03] [DEBUG] Verificando estado de detección
[2024-11-26 23:48:03] [DEBUG] Datos de estado preparados - Context: {"count":13,"isPaused":false}
[2024-11-26 23:48:04] [INFO] Detección detenida exitosamente
